  Using bundled DotNet SDK
  Log file: C:\Users\emmy.hammarstrom\AppData\Local\UnrealBuildTool\Log.txt
  Using 'git status' to determine working set for adaptive non-unity build (D:\Github\Assignment3Unreal).
  Invalidating makefile for RageDestructionEditor (working set of source files changed)
  Parsing headers for RageDestructionEditor
    Running UnrealHeaderTool "D:\Github\Assignment3Unreal\RageDestruction\RageDestruction.uproject" "D:\Github\Assignment3Unreal\RageDestruction\Intermediate\Build\Win64\RageDestructionEditor\Development\RageDestructionEditor.uhtmanifest" -LogCmds="loginit warning, logexit warning, logdatabase error" -Unattended -WarningsAsErrors -abslog="C:\Users\emmy.hammarstrom\AppData\Local\UnrealBuildTool\Log_UHT.txt" -installed
  Reflection code generated for RageDestructionEditor in 2,0333918 seconds
  Building RageDestructionEditor...
  Using Visual Studio 2022 14.35.32216 toolchain (C:\Program Files\Microsoft Visual Studio\2022\Community\VC\Tools\MSVC\14.35.32215) and Windows 10.0.22000.0 SDK (C:\Program Files (x86)\Windows Kits\10).
  [Adaptive Build] Excluded from RageDestruction unity file: PickUpActor.cpp
  Determining max actions to execute in parallel (6 physical cores, 6 logical cores)
    Executing up to 6 processes, one per physical core
    Requested 1,5 GB free memory per action, 7,16 GB available: limiting max parallel actions to 4
  Building 5 actions with 4 processes...
  [1/5] Compile PickUpActor.gen.cpp
  [2/5] Compile PickUpActor.cpp
D:\Github\Assignment3Unreal\RageDestruction\Source\RageDestruction\PickUpActor.cpp(49): warning C4996: UProperty has been renamed to FProperty Please update your code to the new API before upgrading to the next release, otherwise your project will no longer compile.
  [3/5] Link UnrealEditor-RageDestruction.lib
     Creating library D:\Github\Assignment3Unreal\RageDestruction\Intermediate\Build\Win64\UnrealEditor\Development\RageDestruction\UnrealEditor-RageDestruction.lib and object D:\Github\Assignment3Unreal\RageDestruction\Intermediate\Build\Win64\UnrealEditor\Development\RageDestruction\UnrealEditor-RageDestruction.exp
  [4/5] Link UnrealEditor-RageDestruction.dll
     Creating library D:\Github\Assignment3Unreal\RageDestruction\Intermediate\Build\Win64\UnrealEditor\Development\RageDestruction\UnrealEditor-RageDestruction.suppressed.lib and object D:\Github\Assignment3Unreal\RageDestruction\Intermediate\Build\Win64\UnrealEditor\Development\RageDestruction\UnrealEditor-RageDestruction.suppressed.exp
  [5/5] WriteMetadata RageDestructionEditor.target
  Total time in Parallel executor: 2,26 seconds
  Total execution time: 6,09 seconds
